<?xml version="1.0" encoding="UTF-8"?>
<!-- Generated by org.testng.reporters.JUnitReportReporter -->
<testsuite hostname="DESKTOP-G4Q27H6" failures="0" tests="2" name="mouse_project.Hover_mouse" time="17.047" errors="0" timestamp="2025-06-27T15:41:34 IST" skipped="0">
  <testcase classname="mouse_project.Hover_mouse" name="click_on_Stores" time="7.161"/>
  <testcase classname="mouse_project.Hover_mouse" name="click_on_Beverages" time="9.886"/>
</testsuite> <!-- mouse_project.Hover_mouse -->
