<?xml version="1.0" encoding="UTF-8"?>
<!-- Generated by org.testng.reporters.JUnitReportReporter -->
<testsuite hostname="DESKTOP-G4Q27H6" failures="0" tests="1" name="group_package2.pack1" time="0.011" errors="0" timestamp="2025-07-14T00:34:21 IST" skipped="0">
  <testcase classname="group_package2.pack1" name="test4" time="0.011"/>
</testsuite> <!-- group_package2.pack1 -->
