<?xml version="1.0" encoding="UTF-8"?>
<!-- Generated by org.testng.reporters.JUnitReportReporter -->
<testsuite hostname="DESKTOP-G4Q27H6" failures="0" tests="1" name="EndtoEnd.Selecting_products" time="6.648" errors="0" timestamp="2025-06-27T17:28:11 IST" skipped="0">
  <testcase classname="EndtoEnd.Selecting_products" name="drop_down" time="6.648"/>
</testsuite> <!-- EndtoEnd.Selecting_products -->
