<?xml version="1.0" encoding="UTF-8"?>
<!-- Generated by org.testng.reporters.JUnitReportReporter -->
<testsuite hostname="DESKTOP-G4Q27H6" failures="0" tests="1" name="group1_package.pack2" time="0.002" errors="0" timestamp="2025-07-14T00:34:21 IST" skipped="0">
  <testcase classname="group1_package.pack2" name="test8" time="0.002"/>
</testsuite> <!-- group1_package.pack2 -->
