<?xml version="1.0" encoding="UTF-8"?>
<!-- Generated by org.testng.reporters.JUnitReportReporter -->
<testsuite hostname="DESKTOP-G4Q27H6" failures="0" tests="1" name="mouse_project.Parameter" time="8.311" errors="0" timestamp="2025-06-27T15:12:23 IST" skipped="0">
  <testcase classname="mouse_project.Parameter" name="verify_login" time="8.311"/>
</testsuite> <!-- mouse_project.Parameter -->
