<?xml version="1.0" encoding="UTF-8"?>
<!-- Generated by org.testng.reporters.JUnitReportReporter -->
<testsuite hostname="DESKTOP-G4Q27H6" failures="0" tests="3" name="testngpc.copy.NG" time="0.007" errors="0" timestamp="2025-06-25T15:41:30 IST" skipped="0">
  <testcase classname="testngpc.copy.NG" name="login" time="0.001"/>
  <testcase classname="testngpc.copy.NG" name="mail" time="0.003"/>
  <testcase classname="testngpc.copy.NG" name="perfomadd" time="0.003"/>
</testsuite> <!-- testngpc.copy.NG -->
