<?xml version="1.0" encoding="UTF-8"?>
<!-- Generated by org.testng.reporters.JUnitReportReporter -->
<testsuite hostname="DESKTOP-G4Q27H6" failures="0" tests="3" name="testngpc.NG" time="0.026" errors="0" timestamp="2025-06-25T15:41:30 IST" skipped="0">
  <testcase classname="testngpc.NG" name="login" time="0.015"/>
  <testcase classname="testngpc.NG" name="mail" time="0.004"/>
  <testcase classname="testngpc.NG" name="perfomadd" time="0.007"/>
</testsuite> <!-- testngpc.NG -->
